TN:
SF:/home/dikiy/secondFockinProject/frontend-project-lvl2/src/index.js
FN:6,(anonymous_0)
FN:18,(anonymous_1)
FNF:2
FNH:2
FNDA:3,(anonymous_0)
FNDA:15,(anonymous_1)
DA:6,1
DA:7,3
DA:8,3
DA:10,3
DA:11,3
DA:13,3
DA:14,3
DA:16,3
DA:18,3
DA:19,15
DA:20,6
DA:22,9
DA:23,3
DA:25,6
DA:26,3
DA:28,3
DA:30,3
LF:17
LH:17
BRDA:19,0,0,6
BRDA:19,0,1,9
BRDA:22,1,0,3
BRDA:22,1,1,6
BRDA:25,2,0,3
BRDA:25,2,1,3
BRF:6
BRH:6
end_of_record
TN:
SF:/home/dikiy/secondFockinProject/frontend-project-lvl2/src/parsers.js
FN:10,(anonymous_0)
FNF:1
FNH:1
FNDA:6,(anonymous_0)
DA:4,1
DA:10,6
LF:2
LH:2
BRF:0
BRH:0
end_of_record
